<?xml version="1.0" encoding="UTF-8"?>
<!-- Generated by org.testng.reporters.JUnitXMLReporter -->
<testsuite ignored="3" hostname="DESKTOP-O6TLCOS" failures="0" tests="1" name="Test" time="0.068" errors="0" timestamp="2022-07-30T21:56:00 IST">
  <testcase classname="testcases.TestCasesGroup" name="test2" time="0.015"/>
  <testcase classname="testcases.TestCasesGroup" name="test1" time="0.0">
    <ignored/>
  </testcase> <!-- test1 -->
  <testcase classname="testcases.TestCasesGroup" name="test4" time="0.0">
    <ignored/>
  </testcase> <!-- test4 -->
  <testcase classname="testcases.TestCasesGroup" name="test3" time="0.0">
    <ignored/>
  </testcase> <!-- test3 -->
</testsuite> <!-- Test -->
