<?xml version="1.0" encoding="UTF-8"?>
<testng-results ignored="0" total="1" passed="1" failed="0" skipped="0">
  <reporter-output>
  </reporter-output>
  <suite started-at="2022-08-05T14:56:10 IST" name="Default suite" finished-at="2022-08-05T14:56:42 IST" duration-ms="31956">
    <groups>
    </groups>
    <test started-at="2022-08-05T14:56:10 IST" name="Default test" finished-at="2022-08-05T14:56:42 IST" duration-ms="31956">
      <class name="testcases.HandlingMultipleElements">
        <test-method signature="handlongMultipleElements()[pri:0, instance:testcases.HandlingMultipleElements@4d02f94e]" started-at="2022-08-05T14:56:10 IST" name="handlongMultipleElements" finished-at="2022-08-05T14:56:42 IST" duration-ms="31903" status="PASS">
          <reporter-output>
          </reporter-output>
        </test-method> <!-- handlongMultipleElements -->
      </class> <!-- testcases.HandlingMultipleElements -->
    </test> <!-- Default test -->
  </suite> <!-- Default suite -->
</testng-results>
